{"/Users/logan/myProj/jslib/src/index.js": {"path":"/Users/logan/myProj/jslib/src/index.js","statementMap":{"0":{"start":{"line":12,"column":2},"end":{"line":12,"column":29}},"1":{"start":{"line":13,"column":2},"end":{"line":13,"column":13}},"2":{"start":{"line":33,"column":21},"end":{"line":35,"column":1}}},"fnMap":{"0":{"name":"test","decl":{"start":{"line":10,"column":9},"end":{"line":10,"column":13}},"loc":{"start":{"line":10,"column":20},"end":{"line":14,"column":1}},"line":10}},"branchMap":{},"s":{"0":1,"1":1,"2":1},"f":{"0":1},"b":{},"_coverageSchema":"43e27e138ebf9cfc5966b082cf9a028302ed4184","hash":"8ebc999b7cc6d6954305acbad24c296a402be8b1"}
,"/Users/logan/myProj/jslib/src/index.ts": {"path":"/Users/logan/myProj/jslib/src/index.ts","statementMap":{"0":{"start":{"line":14,"column":2},"end":{"line":14,"column":null}},"1":{"start":{"line":15,"column":2},"end":{"line":15,"column":null}},"2":{"start":{"line":41,"column":0},"end":{"line":41,"column":null}}},"fnMap":{"0":{"name":"test","decl":{"start":{"line":13,"column":9},"end":{"line":13,"column":13}},"loc":{"start":{"line":13,"column":26},"end":{"line":16,"column":1}}}},"branchMap":{},"s":{"0":1,"1":1,"2":1},"f":{"0":1},"b":{}}
}
